<?xml version="1.0" encoding="utf-8"?><testsuites><testsuite name="pytest" errors="0" failures="0" skipped="0" tests="12" time="0.027" timestamp="2021-06-10T15:27:24.899799" hostname="mate-Latitude-5510"><testcase classname="test.test_accum" name="test_accum_init" time="0.001" /><testcase classname="test.test_accum" name="test_accum_add_one" time="0.000" /><testcase classname="test.test_accum" name="test_accum_add_three" time="0.000" /><testcase classname="test.test_accum" name="test_accum_add_twice" time="0.000" /><testcase classname="test.test_accum" name="test_accum_cannot_set_count_directly" time="0.000" /><testcase classname="test.test_multi" name="test_multi_w_small_nums" time="0.000" /><testcase classname="test.test_multi" name="test_multi_w_big_num" time="0.000" /><testcase classname="test.test_multi" name="test_name" time="0.000" /><testcase classname="test.test_multi" name="test_multi_param[2-3-6]" time="0.000" /><testcase classname="test.test_multi" name="test_multi_param[-1-55--55]" time="0.000" /><testcase classname="test.test_multi" name="test_multi_param[3--4--12]" time="0.000" /><testcase classname="test.test_multi" name="test_multi_param[1-100-100]" time="0.000" /></testsuite></testsuites>